time="2024-09-14T20:09:25+03:00" level=fatal msg="error config: error loading .env file: open .env: no such file or directory" func="main.main()" file="main.go:23"
time="2024-09-14T20:10:46+03:00" level=info msg="Database migrated successfully" func="crypto-exchange/app/internal/db.New()" file="init.go:64"
time="2024-09-14T20:10:46+03:00" level=info msg="DB connected" func="main.main()" file="main.go:30"
time="2024-09-14T20:10:46+03:00" level=info msg="Redis connected!" func="crypto-exchange/app/internal/routes.New()" file="init.go:28"
time="2024-09-14T20:10:46+03:00" level=info msg="Redis synced!" func="crypto-exchange/app/internal/routes.New()" file="init.go:40"
time="2024-09-14T20:10:46+03:00" level=info msg="Redis update started!" func="crypto-exchange/app/internal/routes.New()" file="init.go:43"
time="2024-09-14T20:10:46+03:00" level=info msg="Env loaded" func="crypto-exchange/app/internal/routes.New()" file="init.go:45"
time="2024-09-14T20:10:46+03:00" level=info msg="API created" func="main.main()" file="main.go:37"
time="2024-09-14T20:10:46+03:00" level=info msg="Server starting on: " func="main.main()" file="main.go:39"
time="2024-09-14T20:10:46+03:00" level=info msg="PORT: 11080" func="main.main()" file="main.go:40"
time="2024-09-14T20:10:46+03:00" level=info msg="DB_HOST: 127.0.0.1" func="main.main()" file="main.go:41"
time="2024-09-14T20:10:46+03:00" level=info msg="DB_PORT: 5432" func="main.main()" file="main.go:42"
time="2024-09-14T20:10:46+03:00" level=info msg="ACCESS_ALIVE: 1440" func="main.main()" file="main.go:43"
time="2024-09-14T20:10:46+03:00" level=info msg="REFRESH_ALIVE: 86000" func="main.main()" file="main.go:44"
time="2024-09-14T20:10:46+03:00" level=info msg="Starting server..." func="main.main()" file="main.go:46"
time="2024-09-14T20:14:10+03:00" level=info msg="Database migrated successfully" func="crypto-exchange/app/internal/db.New()" file="init.go:64"
time="2024-09-14T20:14:10+03:00" level=info msg="DB connected" func="main.main()" file="main.go:30"
time="2024-09-14T20:14:10+03:00" level=info msg="Redis connected!" func="crypto-exchange/app/internal/routes.New()" file="init.go:28"
time="2024-09-14T20:14:10+03:00" level=info msg="Redis synced!" func="crypto-exchange/app/internal/routes.New()" file="init.go:40"
time="2024-09-14T20:14:10+03:00" level=info msg="Redis update started!" func="crypto-exchange/app/internal/routes.New()" file="init.go:43"
time="2024-09-14T20:14:10+03:00" level=info msg="Env loaded" func="crypto-exchange/app/internal/routes.New()" file="init.go:45"
time="2024-09-14T20:14:10+03:00" level=info msg="API created" func="main.main()" file="main.go:37"
time="2024-09-14T20:14:10+03:00" level=info msg="Server starting on: " func="main.main()" file="main.go:39"
time="2024-09-14T20:14:10+03:00" level=info msg="PORT: 11080" func="main.main()" file="main.go:40"
time="2024-09-14T20:14:10+03:00" level=info msg="DB_HOST: 127.0.0.1" func="main.main()" file="main.go:41"
time="2024-09-14T20:14:10+03:00" level=info msg="DB_PORT: 5432" func="main.main()" file="main.go:42"
time="2024-09-14T20:14:10+03:00" level=info msg="ACCESS_ALIVE: 1440" func="main.main()" file="main.go:43"
time="2024-09-14T20:14:10+03:00" level=info msg="REFRESH_ALIVE: 86000" func="main.main()" file="main.go:44"
time="2024-09-14T20:14:10+03:00" level=info msg="Starting server..." func="main.main()" file="main.go:46"
time="2024-09-14T20:31:47+03:00" level=info msg="Database migrated successfully" func="crypto-exchange/app/internal/db.New()" file="init.go:64"
time="2024-09-14T20:31:47+03:00" level=info msg="DB connected" func="main.main()" file="main.go:31"
time="2024-09-14T20:31:47+03:00" level=info msg="Redis connected!" func="crypto-exchange/app/internal/routes.New()" file="init.go:28"
time="2024-09-14T20:31:47+03:00" level=info msg="Redis synced!" func="crypto-exchange/app/internal/routes.New()" file="init.go:40"
time="2024-09-14T20:31:47+03:00" level=info msg="Redis update started!" func="crypto-exchange/app/internal/routes.New()" file="init.go:43"
time="2024-09-14T20:31:47+03:00" level=info msg="Env loaded" func="crypto-exchange/app/internal/routes.New()" file="init.go:45"
time="2024-09-14T20:31:47+03:00" level=info msg="API created" func="main.main()" file="main.go:38"
time="2024-09-14T20:31:47+03:00" level=info msg="Server starting on: " func="main.main()" file="main.go:40"
time="2024-09-14T20:31:47+03:00" level=info msg="PORT: 11080" func="main.main()" file="main.go:41"
time="2024-09-14T20:31:47+03:00" level=info msg="DB_HOST: 127.0.0.1" func="main.main()" file="main.go:42"
time="2024-09-14T20:31:47+03:00" level=info msg="DB_PORT: 5432" func="main.main()" file="main.go:43"
time="2024-09-14T20:31:47+03:00" level=info msg="ACCESS_ALIVE: 1440" func="main.main()" file="main.go:44"
time="2024-09-14T20:31:47+03:00" level=info msg="REFRESH_ALIVE: 86000" func="main.main()" file="main.go:45"
time="2024-09-14T20:31:47+03:00" level=info msg="Starting server..." func="main.main()" file="main.go:47"
time="2024-09-14T20:35:18+03:00" level=info msg="Database migrated successfully" func="crypto-exchange/app/internal/db.New()" file="init.go:65"
time="2024-09-14T20:35:18+03:00" level=info msg="DB connected" func="main.main()" file="main.go:31"
time="2024-09-14T20:35:18+03:00" level=info msg="Redis connected!" func="crypto-exchange/app/internal/routes.New()" file="init.go:28"
time="2024-09-14T20:35:18+03:00" level=info msg="Redis synced!" func="crypto-exchange/app/internal/routes.New()" file="init.go:40"
time="2024-09-14T20:35:18+03:00" level=info msg="Redis update started!" func="crypto-exchange/app/internal/routes.New()" file="init.go:43"
time="2024-09-14T20:35:18+03:00" level=info msg="Env loaded" func="crypto-exchange/app/internal/routes.New()" file="init.go:45"
time="2024-09-14T20:35:18+03:00" level=info msg="API created" func="main.main()" file="main.go:38"
time="2024-09-14T20:35:18+03:00" level=info msg="Server starting on: " func="main.main()" file="main.go:40"
time="2024-09-14T20:35:18+03:00" level=info msg="PORT: 11080" func="main.main()" file="main.go:41"
time="2024-09-14T20:35:18+03:00" level=info msg="DB_HOST: 127.0.0.1" func="main.main()" file="main.go:42"
time="2024-09-14T20:35:18+03:00" level=info msg="DB_PORT: 5432" func="main.main()" file="main.go:43"
time="2024-09-14T20:35:18+03:00" level=info msg="ACCESS_ALIVE: 1440" func="main.main()" file="main.go:44"
time="2024-09-14T20:35:18+03:00" level=info msg="REFRESH_ALIVE: 86000" func="main.main()" file="main.go:45"
time="2024-09-14T20:35:18+03:00" level=info msg="Starting server..." func="main.main()" file="main.go:47"
time="2024-09-14T20:47:42+03:00" level=info msg="Database migrated successfully" func="crypto-exchange/app/internal/db.New()" file="init.go:65"
time="2024-09-14T20:47:42+03:00" level=info msg="DB connected" func="main.main()" file="main.go:31"
time="2024-09-14T20:47:42+03:00" level=info msg="Redis connected!" func="crypto-exchange/app/internal/routes.New()" file="init.go:28"
time="2024-09-14T20:47:42+03:00" level=info msg="Redis synced!" func="crypto-exchange/app/internal/routes.New()" file="init.go:40"
time="2024-09-14T20:47:42+03:00" level=info msg="Redis update started!" func="crypto-exchange/app/internal/routes.New()" file="init.go:43"
time="2024-09-14T20:47:42+03:00" level=info msg="Env loaded" func="crypto-exchange/app/internal/routes.New()" file="init.go:45"
time="2024-09-14T20:47:42+03:00" level=info msg="API created" func="main.main()" file="main.go:38"
time="2024-09-14T20:47:42+03:00" level=info msg="Server starting on: " func="main.main()" file="main.go:40"
time="2024-09-14T20:47:42+03:00" level=info msg="PORT: 11080" func="main.main()" file="main.go:41"
time="2024-09-14T20:47:42+03:00" level=info msg="DB_HOST: 127.0.0.1" func="main.main()" file="main.go:42"
time="2024-09-14T20:47:42+03:00" level=info msg="DB_PORT: 5432" func="main.main()" file="main.go:43"
time="2024-09-14T20:47:42+03:00" level=info msg="ACCESS_ALIVE: 1440" func="main.main()" file="main.go:44"
time="2024-09-14T20:47:42+03:00" level=info msg="REFRESH_ALIVE: 86000" func="main.main()" file="main.go:45"
time="2024-09-14T20:47:42+03:00" level=info msg="Starting server..." func="main.main()" file="main.go:47"
time="2024-09-14T20:48:31+03:00" level=info msg="Database migrated successfully" func="crypto-exchange/app/internal/db.New()" file="init.go:65"
time="2024-09-14T20:48:31+03:00" level=info msg="DB connected" func="main.main()" file="main.go:31"
time="2024-09-14T20:48:31+03:00" level=info msg="Redis connected!" func="crypto-exchange/app/internal/routes.New()" file="init.go:28"
time="2024-09-14T20:48:31+03:00" level=info msg="Redis synced!" func="crypto-exchange/app/internal/routes.New()" file="init.go:40"
time="2024-09-14T20:48:31+03:00" level=info msg="Redis update started!" func="crypto-exchange/app/internal/routes.New()" file="init.go:43"
time="2024-09-14T20:48:31+03:00" level=info msg="Env loaded" func="crypto-exchange/app/internal/routes.New()" file="init.go:45"
time="2024-09-14T20:48:31+03:00" level=info msg="API created" func="main.main()" file="main.go:38"
time="2024-09-14T20:48:31+03:00" level=info msg="Server starting on: " func="main.main()" file="main.go:40"
time="2024-09-14T20:48:31+03:00" level=info msg="PORT: 11080" func="main.main()" file="main.go:41"
time="2024-09-14T20:48:31+03:00" level=info msg="DB_HOST: 127.0.0.1" func="main.main()" file="main.go:42"
time="2024-09-14T20:48:31+03:00" level=info msg="DB_PORT: 5432" func="main.main()" file="main.go:43"
time="2024-09-14T20:48:31+03:00" level=info msg="ACCESS_ALIVE: 1440" func="main.main()" file="main.go:44"
time="2024-09-14T20:48:31+03:00" level=info msg="REFRESH_ALIVE: 86000" func="main.main()" file="main.go:45"
time="2024-09-14T20:48:31+03:00" level=info msg="Starting server..." func="main.main()" file="main.go:47"
time="2024-09-14T20:55:11+03:00" level=info msg="Database migrated successfully" func="crypto-exchange/app/internal/db.New()" file="init.go:65"
time="2024-09-14T20:55:11+03:00" level=info msg="DB connected" func="main.main()" file="main.go:31"
time="2024-09-14T20:55:11+03:00" level=info msg="Redis connected!" func="crypto-exchange/app/internal/routes.New()" file="init.go:28"
time="2024-09-14T20:55:11+03:00" level=info msg="Redis synced!" func="crypto-exchange/app/internal/routes.New()" file="init.go:40"
time="2024-09-14T20:55:11+03:00" level=info msg="Redis update started!" func="crypto-exchange/app/internal/routes.New()" file="init.go:43"
time="2024-09-14T20:55:11+03:00" level=info msg="Env loaded" func="crypto-exchange/app/internal/routes.New()" file="init.go:45"
time="2024-09-14T20:55:11+03:00" level=info msg="API created" func="main.main()" file="main.go:38"
time="2024-09-14T20:55:11+03:00" level=info msg="Server starting on: " func="main.main()" file="main.go:40"
time="2024-09-14T20:55:11+03:00" level=info msg="PORT: 11080" func="main.main()" file="main.go:41"
time="2024-09-14T20:55:11+03:00" level=info msg="DB_HOST: 127.0.0.1" func="main.main()" file="main.go:42"
time="2024-09-14T20:55:11+03:00" level=info msg="DB_PORT: 5432" func="main.main()" file="main.go:43"
time="2024-09-14T20:55:11+03:00" level=info msg="ACCESS_ALIVE: 1440" func="main.main()" file="main.go:44"
time="2024-09-14T20:55:11+03:00" level=info msg="REFRESH_ALIVE: 86000" func="main.main()" file="main.go:45"
time="2024-09-14T20:55:11+03:00" level=info msg="Starting server..." func="main.main()" file="main.go:47"
time="2024-09-14T20:55:38+03:00" level=info msg="Database migrated successfully" func="crypto-exchange/app/internal/db.New()" file="init.go:65"
time="2024-09-14T20:55:38+03:00" level=info msg="DB connected" func="main.main()" file="main.go:31"
time="2024-09-14T20:55:38+03:00" level=info msg="Redis connected!" func="crypto-exchange/app/internal/routes.New()" file="init.go:28"
time="2024-09-14T20:55:38+03:00" level=info msg="Redis synced!" func="crypto-exchange/app/internal/routes.New()" file="init.go:40"
time="2024-09-14T20:55:38+03:00" level=info msg="Redis update started!" func="crypto-exchange/app/internal/routes.New()" file="init.go:43"
time="2024-09-14T20:55:38+03:00" level=info msg="Env loaded" func="crypto-exchange/app/internal/routes.New()" file="init.go:45"
time="2024-09-14T20:55:38+03:00" level=info msg="API created" func="main.main()" file="main.go:38"
time="2024-09-14T20:55:38+03:00" level=info msg="Server starting on: " func="main.main()" file="main.go:40"
time="2024-09-14T20:55:38+03:00" level=info msg="PORT: 11080" func="main.main()" file="main.go:41"
time="2024-09-14T20:55:38+03:00" level=info msg="DB_HOST: 127.0.0.1" func="main.main()" file="main.go:42"
time="2024-09-14T20:55:38+03:00" level=info msg="DB_PORT: 5432" func="main.main()" file="main.go:43"
time="2024-09-14T20:55:38+03:00" level=info msg="ACCESS_ALIVE: 1440" func="main.main()" file="main.go:44"
time="2024-09-14T20:55:38+03:00" level=info msg="REFRESH_ALIVE: 86000" func="main.main()" file="main.go:45"
time="2024-09-14T20:55:38+03:00" level=info msg="Starting server..." func="main.main()" file="main.go:47"
time="2024-09-14T20:56:02+03:00" level=info msg="Database migrated successfully" func="crypto-exchange/app/internal/db.New()" file="init.go:65"
time="2024-09-14T20:56:02+03:00" level=info msg="DB connected" func="main.main()" file="main.go:31"
time="2024-09-14T20:56:02+03:00" level=info msg="Redis connected!" func="crypto-exchange/app/internal/routes.New()" file="init.go:28"
time="2024-09-14T20:56:02+03:00" level=info msg="Redis synced!" func="crypto-exchange/app/internal/routes.New()" file="init.go:40"
time="2024-09-14T20:56:02+03:00" level=info msg="Redis update started!" func="crypto-exchange/app/internal/routes.New()" file="init.go:43"
time="2024-09-14T20:56:02+03:00" level=info msg="Env loaded" func="crypto-exchange/app/internal/routes.New()" file="init.go:45"
time="2024-09-14T20:56:02+03:00" level=info msg="API created" func="main.main()" file="main.go:38"
time="2024-09-14T20:56:02+03:00" level=info msg="Server starting on: " func="main.main()" file="main.go:40"
time="2024-09-14T20:56:02+03:00" level=info msg="PORT: 11080" func="main.main()" file="main.go:41"
time="2024-09-14T20:56:02+03:00" level=info msg="DB_HOST: 127.0.0.1" func="main.main()" file="main.go:42"
time="2024-09-14T20:56:02+03:00" level=info msg="DB_PORT: 5432" func="main.main()" file="main.go:43"
time="2024-09-14T20:56:02+03:00" level=info msg="ACCESS_ALIVE: 1440" func="main.main()" file="main.go:44"
time="2024-09-14T20:56:02+03:00" level=info msg="REFRESH_ALIVE: 86000" func="main.main()" file="main.go:45"
time="2024-09-14T20:56:02+03:00" level=info msg="Starting server..." func="main.main()" file="main.go:47"
time="2024-09-14T20:56:29+03:00" level=info msg="Database migrated successfully" func="crypto-exchange/app/internal/db.New()" file="init.go:65"
time="2024-09-14T20:56:29+03:00" level=info msg="DB connected" func="main.main()" file="main.go:31"
time="2024-09-14T20:56:29+03:00" level=info msg="Redis connected!" func="crypto-exchange/app/internal/routes.New()" file="init.go:28"
time="2024-09-14T20:56:29+03:00" level=info msg="Redis synced!" func="crypto-exchange/app/internal/routes.New()" file="init.go:40"
time="2024-09-14T20:56:29+03:00" level=info msg="Redis update started!" func="crypto-exchange/app/internal/routes.New()" file="init.go:43"
time="2024-09-14T20:56:29+03:00" level=info msg="Env loaded" func="crypto-exchange/app/internal/routes.New()" file="init.go:45"
time="2024-09-14T20:56:29+03:00" level=info msg="API created" func="main.main()" file="main.go:38"
time="2024-09-14T20:56:29+03:00" level=info msg="Server starting on: " func="main.main()" file="main.go:40"
time="2024-09-14T20:56:29+03:00" level=info msg="PORT: 11080" func="main.main()" file="main.go:41"
time="2024-09-14T20:56:29+03:00" level=info msg="DB_HOST: 127.0.0.1" func="main.main()" file="main.go:42"
time="2024-09-14T20:56:29+03:00" level=info msg="DB_PORT: 5432" func="main.main()" file="main.go:43"
time="2024-09-14T20:56:29+03:00" level=info msg="ACCESS_ALIVE: 1440" func="main.main()" file="main.go:44"
time="2024-09-14T20:56:29+03:00" level=info msg="REFRESH_ALIVE: 86000" func="main.main()" file="main.go:45"
time="2024-09-14T20:56:29+03:00" level=info msg="Starting server..." func="main.main()" file="main.go:47"
time="2024-09-14T20:57:48+03:00" level=info msg="Database migrated successfully" func="crypto-exchange/app/internal/db.New()" file="init.go:65"
time="2024-09-14T20:57:48+03:00" level=info msg="DB connected" func="main.main()" file="main.go:31"
time="2024-09-14T20:57:48+03:00" level=info msg="Redis connected!" func="crypto-exchange/app/internal/routes.New()" file="init.go:28"
time="2024-09-14T20:57:48+03:00" level=info msg="Redis synced!" func="crypto-exchange/app/internal/routes.New()" file="init.go:40"
time="2024-09-14T20:57:48+03:00" level=info msg="Redis update started!" func="crypto-exchange/app/internal/routes.New()" file="init.go:43"
time="2024-09-14T20:57:48+03:00" level=info msg="Env loaded" func="crypto-exchange/app/internal/routes.New()" file="init.go:45"
time="2024-09-14T20:57:48+03:00" level=info msg="API created" func="main.main()" file="main.go:38"
time="2024-09-14T20:57:48+03:00" level=info msg="Server starting on: " func="main.main()" file="main.go:40"
time="2024-09-14T20:57:48+03:00" level=info msg="PORT: 11080" func="main.main()" file="main.go:41"
time="2024-09-14T20:57:48+03:00" level=info msg="DB_HOST: 127.0.0.1" func="main.main()" file="main.go:42"
time="2024-09-14T20:57:48+03:00" level=info msg="DB_PORT: 5432" func="main.main()" file="main.go:43"
time="2024-09-14T20:57:48+03:00" level=info msg="ACCESS_ALIVE: 1440" func="main.main()" file="main.go:44"
time="2024-09-14T20:57:48+03:00" level=info msg="REFRESH_ALIVE: 86000" func="main.main()" file="main.go:45"
time="2024-09-14T20:57:48+03:00" level=info msg="Starting server..." func="main.main()" file="main.go:47"
time="2024-09-14T21:15:04+03:00" level=info msg="Database migrated successfully" func="crypto-exchange/app/internal/db.New()" file="init.go:67"
time="2024-09-14T21:15:04+03:00" level=info msg="DB connected" func="main.main()" file="main.go:31"
time="2024-09-14T21:15:04+03:00" level=info msg="Redis connected!" func="crypto-exchange/app/internal/routes.New()" file="init.go:28"
time="2024-09-14T21:15:04+03:00" level=info msg="Redis synced!" func="crypto-exchange/app/internal/routes.New()" file="init.go:40"
time="2024-09-14T21:15:04+03:00" level=info msg="Redis update started!" func="crypto-exchange/app/internal/routes.New()" file="init.go:43"
time="2024-09-14T21:15:04+03:00" level=info msg="Env loaded" func="crypto-exchange/app/internal/routes.New()" file="init.go:45"
time="2024-09-14T21:15:04+03:00" level=info msg="API created" func="main.main()" file="main.go:38"
time="2024-09-14T21:15:04+03:00" level=info msg="Server starting on: " func="main.main()" file="main.go:40"
time="2024-09-14T21:15:04+03:00" level=info msg="PORT: 11080" func="main.main()" file="main.go:41"
time="2024-09-14T21:15:04+03:00" level=info msg="DB_HOST: 127.0.0.1" func="main.main()" file="main.go:42"
time="2024-09-14T21:15:04+03:00" level=info msg="DB_PORT: 5432" func="main.main()" file="main.go:43"
time="2024-09-14T21:15:04+03:00" level=info msg="ACCESS_ALIVE: 1440" func="main.main()" file="main.go:44"
time="2024-09-14T21:15:04+03:00" level=info msg="REFRESH_ALIVE: 86000" func="main.main()" file="main.go:45"
time="2024-09-14T21:15:04+03:00" level=info msg="Starting server..." func="main.main()" file="main.go:47"
time="2024-09-14T21:16:07+03:00" level=info msg="Database migrated successfully" func="crypto-exchange/app/internal/db.New()" file="init.go:67"
time="2024-09-14T21:16:07+03:00" level=info msg="DB connected" func="main.main()" file="main.go:31"
time="2024-09-14T21:16:07+03:00" level=info msg="Redis connected!" func="crypto-exchange/app/internal/routes.New()" file="init.go:28"
time="2024-09-14T21:16:07+03:00" level=info msg="Redis synced!" func="crypto-exchange/app/internal/routes.New()" file="init.go:40"
time="2024-09-14T21:16:07+03:00" level=info msg="Redis update started!" func="crypto-exchange/app/internal/routes.New()" file="init.go:43"
time="2024-09-14T21:16:07+03:00" level=info msg="Env loaded" func="crypto-exchange/app/internal/routes.New()" file="init.go:45"
time="2024-09-14T21:16:07+03:00" level=info msg="API created" func="main.main()" file="main.go:38"
time="2024-09-14T21:16:07+03:00" level=info msg="Server starting on: " func="main.main()" file="main.go:40"
time="2024-09-14T21:16:07+03:00" level=info msg="PORT: 11080" func="main.main()" file="main.go:41"
time="2024-09-14T21:16:07+03:00" level=info msg="DB_HOST: 127.0.0.1" func="main.main()" file="main.go:42"
time="2024-09-14T21:16:07+03:00" level=info msg="DB_PORT: 5432" func="main.main()" file="main.go:43"
time="2024-09-14T21:16:07+03:00" level=info msg="ACCESS_ALIVE: 1440" func="main.main()" file="main.go:44"
time="2024-09-14T21:16:07+03:00" level=info msg="REFRESH_ALIVE: 86000" func="main.main()" file="main.go:45"
time="2024-09-14T21:16:07+03:00" level=info msg="Starting server..." func="main.main()" file="main.go:47"
time="2024-09-14T21:16:40+03:00" level=info msg="Database migrated successfully" func="crypto-exchange/app/internal/db.New()" file="init.go:67"
time="2024-09-14T21:16:40+03:00" level=info msg="DB connected" func="main.main()" file="main.go:31"
time="2024-09-14T21:16:40+03:00" level=info msg="Redis connected!" func="crypto-exchange/app/internal/routes.New()" file="init.go:28"
time="2024-09-14T21:16:40+03:00" level=info msg="Redis synced!" func="crypto-exchange/app/internal/routes.New()" file="init.go:40"
time="2024-09-14T21:16:40+03:00" level=info msg="Redis update started!" func="crypto-exchange/app/internal/routes.New()" file="init.go:43"
time="2024-09-14T21:16:40+03:00" level=info msg="Env loaded" func="crypto-exchange/app/internal/routes.New()" file="init.go:45"
time="2024-09-14T21:16:40+03:00" level=info msg="API created" func="main.main()" file="main.go:38"
time="2024-09-14T21:16:40+03:00" level=info msg="Server starting on: " func="main.main()" file="main.go:40"
time="2024-09-14T21:16:40+03:00" level=info msg="PORT: 11080" func="main.main()" file="main.go:41"
time="2024-09-14T21:16:40+03:00" level=info msg="DB_HOST: 127.0.0.1" func="main.main()" file="main.go:42"
time="2024-09-14T21:16:40+03:00" level=info msg="DB_PORT: 5432" func="main.main()" file="main.go:43"
time="2024-09-14T21:16:40+03:00" level=info msg="ACCESS_ALIVE: 1440" func="main.main()" file="main.go:44"
time="2024-09-14T21:16:40+03:00" level=info msg="REFRESH_ALIVE: 86000" func="main.main()" file="main.go:45"
time="2024-09-14T21:16:40+03:00" level=info msg="Starting server..." func="main.main()" file="main.go:47"
time="2024-09-14T21:16:49+03:00" level=info msg="Database migrated successfully" func="crypto-exchange/app/internal/db.New()" file="init.go:67"
time="2024-09-14T21:16:49+03:00" level=info msg="DB connected" func="main.main()" file="main.go:31"
time="2024-09-14T21:16:49+03:00" level=info msg="Redis connected!" func="crypto-exchange/app/internal/routes.New()" file="init.go:28"
time="2024-09-14T21:16:49+03:00" level=info msg="Redis synced!" func="crypto-exchange/app/internal/routes.New()" file="init.go:40"
time="2024-09-14T21:16:49+03:00" level=info msg="Redis update started!" func="crypto-exchange/app/internal/routes.New()" file="init.go:43"
time="2024-09-14T21:16:49+03:00" level=info msg="Env loaded" func="crypto-exchange/app/internal/routes.New()" file="init.go:45"
time="2024-09-14T21:16:49+03:00" level=info msg="API created" func="main.main()" file="main.go:38"
time="2024-09-14T21:16:49+03:00" level=info msg="Server starting on: " func="main.main()" file="main.go:40"
time="2024-09-14T21:16:49+03:00" level=info msg="PORT: 11080" func="main.main()" file="main.go:41"
time="2024-09-14T21:16:49+03:00" level=info msg="DB_HOST: 127.0.0.1" func="main.main()" file="main.go:42"
time="2024-09-14T21:16:49+03:00" level=info msg="DB_PORT: 5432" func="main.main()" file="main.go:43"
time="2024-09-14T21:16:49+03:00" level=info msg="ACCESS_ALIVE: 1440" func="main.main()" file="main.go:44"
time="2024-09-14T21:16:49+03:00" level=info msg="REFRESH_ALIVE: 86000" func="main.main()" file="main.go:45"
time="2024-09-14T21:16:49+03:00" level=info msg="Starting server..." func="main.main()" file="main.go:47"
time="2024-09-14T21:24:39+03:00" level=info msg="Database migrated successfully" func="crypto-exchange/app/internal/db.New()" file="init.go:67"
time="2024-09-14T21:24:39+03:00" level=info msg="DB connected" func="main.main()" file="main.go:31"
time="2024-09-14T21:24:39+03:00" level=info msg="Redis connected!" func="crypto-exchange/app/internal/routes.New()" file="init.go:28"
time="2024-09-14T21:24:39+03:00" level=info msg="Redis synced!" func="crypto-exchange/app/internal/routes.New()" file="init.go:40"
time="2024-09-14T21:24:39+03:00" level=info msg="Redis update started!" func="crypto-exchange/app/internal/routes.New()" file="init.go:43"
time="2024-09-14T21:24:39+03:00" level=info msg="Env loaded" func="crypto-exchange/app/internal/routes.New()" file="init.go:45"
time="2024-09-14T21:24:39+03:00" level=info msg="API created" func="main.main()" file="main.go:38"
time="2024-09-14T21:24:39+03:00" level=info msg="Server starting on: " func="main.main()" file="main.go:40"
time="2024-09-14T21:24:39+03:00" level=info msg="PORT: 11080" func="main.main()" file="main.go:41"
time="2024-09-14T21:24:39+03:00" level=info msg="DB_HOST: 127.0.0.1" func="main.main()" file="main.go:42"
time="2024-09-14T21:24:39+03:00" level=info msg="DB_PORT: 5432" func="main.main()" file="main.go:43"
time="2024-09-14T21:24:39+03:00" level=info msg="ACCESS_ALIVE: 1440" func="main.main()" file="main.go:44"
time="2024-09-14T21:24:39+03:00" level=info msg="REFRESH_ALIVE: 86000" func="main.main()" file="main.go:45"
time="2024-09-14T21:24:39+03:00" level=info msg="Starting server..." func="main.main()" file="main.go:47"
time="2024-09-14T21:53:47+03:00" level=info msg="Database migrated successfully" func="crypto-exchange/app/internal/db.New()" file="init.go:67"
time="2024-09-14T21:53:47+03:00" level=info msg="DB connected" func="main.main()" file="main.go:31"
time="2024-09-14T21:53:47+03:00" level=info msg="Redis connected!" func="crypto-exchange/app/internal/routes.New()" file="init.go:28"
time="2024-09-14T21:53:47+03:00" level=info msg="Redis synced!" func="crypto-exchange/app/internal/routes.New()" file="init.go:40"
time="2024-09-14T21:53:47+03:00" level=info msg="Redis update started!" func="crypto-exchange/app/internal/routes.New()" file="init.go:43"
time="2024-09-14T21:53:47+03:00" level=info msg="Env loaded" func="crypto-exchange/app/internal/routes.New()" file="init.go:45"
time="2024-09-14T21:53:47+03:00" level=info msg="API created" func="main.main()" file="main.go:38"
time="2024-09-14T21:53:47+03:00" level=info msg="Server starting on: " func="main.main()" file="main.go:40"
time="2024-09-14T21:53:47+03:00" level=info msg="PORT: 11080" func="main.main()" file="main.go:41"
time="2024-09-14T21:53:47+03:00" level=info msg="DB_HOST: 127.0.0.1" func="main.main()" file="main.go:42"
time="2024-09-14T21:53:47+03:00" level=info msg="DB_PORT: 5432" func="main.main()" file="main.go:43"
time="2024-09-14T21:53:47+03:00" level=info msg="ACCESS_ALIVE: 1440" func="main.main()" file="main.go:44"
time="2024-09-14T21:53:47+03:00" level=info msg="REFRESH_ALIVE: 86000" func="main.main()" file="main.go:45"
time="2024-09-14T21:53:47+03:00" level=info msg="Starting server..." func="main.main()" file="main.go:47"
time="2024-09-14T21:54:14+03:00" level=info msg="Database migrated successfully" func="crypto-exchange/app/internal/db.New()" file="init.go:67"
time="2024-09-14T21:54:14+03:00" level=info msg="DB connected" func="main.main()" file="main.go:31"
time="2024-09-14T21:54:14+03:00" level=info msg="Redis connected!" func="crypto-exchange/app/internal/routes.New()" file="init.go:28"
time="2024-09-14T21:54:14+03:00" level=info msg="Redis synced!" func="crypto-exchange/app/internal/routes.New()" file="init.go:40"
time="2024-09-14T21:54:14+03:00" level=info msg="Redis update started!" func="crypto-exchange/app/internal/routes.New()" file="init.go:43"
time="2024-09-14T21:54:14+03:00" level=info msg="Env loaded" func="crypto-exchange/app/internal/routes.New()" file="init.go:45"
time="2024-09-14T21:54:14+03:00" level=info msg="API created" func="main.main()" file="main.go:38"
time="2024-09-14T21:54:14+03:00" level=info msg="Server starting on: " func="main.main()" file="main.go:40"
time="2024-09-14T21:54:14+03:00" level=info msg="PORT: 11080" func="main.main()" file="main.go:41"
time="2024-09-14T21:54:14+03:00" level=info msg="DB_HOST: 127.0.0.1" func="main.main()" file="main.go:42"
time="2024-09-14T21:54:14+03:00" level=info msg="DB_PORT: 5432" func="main.main()" file="main.go:43"
time="2024-09-14T21:54:14+03:00" level=info msg="ACCESS_ALIVE: 1440" func="main.main()" file="main.go:44"
time="2024-09-14T21:54:14+03:00" level=info msg="REFRESH_ALIVE: 86000" func="main.main()" file="main.go:45"
time="2024-09-14T21:54:14+03:00" level=info msg="Starting server..." func="main.main()" file="main.go:47"
time="2024-09-15T14:10:40+03:00" level=info msg="Database migrated successfully" func="crypto-exchange/app/internal/db.New()" file="init.go:67"
time="2024-09-15T14:10:40+03:00" level=info msg="DB connected" func="main.main()" file="main.go:31"
time="2024-09-15T14:10:40+03:00" level=info msg="Redis connected!" func="crypto-exchange/app/internal/routes.New()" file="init.go:28"
time="2024-09-15T14:10:40+03:00" level=info msg="Redis synced!" func="crypto-exchange/app/internal/routes.New()" file="init.go:40"
time="2024-09-15T14:10:40+03:00" level=info msg="Redis update started!" func="crypto-exchange/app/internal/routes.New()" file="init.go:43"
time="2024-09-15T14:10:40+03:00" level=info msg="Env loaded" func="crypto-exchange/app/internal/routes.New()" file="init.go:45"
time="2024-09-15T14:10:40+03:00" level=info msg="API created" func="main.main()" file="main.go:38"
time="2024-09-15T14:10:40+03:00" level=info msg="Server starting on: " func="main.main()" file="main.go:40"
time="2024-09-15T14:10:40+03:00" level=info msg="PORT: 11080" func="main.main()" file="main.go:41"
time="2024-09-15T14:10:40+03:00" level=info msg="DB_HOST: 127.0.0.1" func="main.main()" file="main.go:42"
time="2024-09-15T14:10:40+03:00" level=info msg="DB_PORT: 5432" func="main.main()" file="main.go:43"
time="2024-09-15T14:10:40+03:00" level=info msg="ACCESS_ALIVE: 1440" func="main.main()" file="main.go:44"
time="2024-09-15T14:10:40+03:00" level=info msg="REFRESH_ALIVE: 86000" func="main.main()" file="main.go:45"
time="2024-09-15T14:10:40+03:00" level=info msg="Starting server..." func="main.main()" file="main.go:47"
time="2024-09-15T14:17:47+03:00" level=info msg="Database migrated successfully" func="crypto-exchange/app/internal/db.New()" file="init.go:67"
time="2024-09-15T14:17:47+03:00" level=info msg="DB connected" func="main.main()" file="main.go:31"
time="2024-09-15T14:17:47+03:00" level=info msg="Redis connected!" func="crypto-exchange/app/internal/routes.New()" file="init.go:28"
time="2024-09-15T14:17:47+03:00" level=info msg="Redis synced!" func="crypto-exchange/app/internal/routes.New()" file="init.go:40"
time="2024-09-15T14:17:47+03:00" level=info msg="Redis update started!" func="crypto-exchange/app/internal/routes.New()" file="init.go:43"
time="2024-09-15T14:17:47+03:00" level=info msg="Env loaded" func="crypto-exchange/app/internal/routes.New()" file="init.go:45"
time="2024-09-15T14:17:47+03:00" level=info msg="API created" func="main.main()" file="main.go:38"
time="2024-09-15T14:17:47+03:00" level=info msg="Server starting on: " func="main.main()" file="main.go:40"
time="2024-09-15T14:17:47+03:00" level=info msg="PORT: 11080" func="main.main()" file="main.go:41"
time="2024-09-15T14:17:47+03:00" level=info msg="DB_HOST: 127.0.0.1" func="main.main()" file="main.go:42"
time="2024-09-15T14:17:47+03:00" level=info msg="DB_PORT: 5432" func="main.main()" file="main.go:43"
time="2024-09-15T14:17:47+03:00" level=info msg="ACCESS_ALIVE: 1440" func="main.main()" file="main.go:44"
time="2024-09-15T14:17:47+03:00" level=info msg="REFRESH_ALIVE: 86000" func="main.main()" file="main.go:45"
time="2024-09-15T14:17:47+03:00" level=info msg="Starting server..." func="main.main()" file="main.go:47"
time="2024-09-15T14:24:06+03:00" level=info msg="Database migrated successfully" func="crypto-exchange/app/internal/db.New()" file="init.go:67"
time="2024-09-15T14:24:06+03:00" level=info msg="DB connected" func="main.main()" file="main.go:31"
time="2024-09-15T14:24:06+03:00" level=info msg="Redis connected!" func="crypto-exchange/app/internal/routes.New()" file="init.go:28"
time="2024-09-15T14:24:06+03:00" level=info msg="Redis synced!" func="crypto-exchange/app/internal/routes.New()" file="init.go:40"
time="2024-09-15T14:24:06+03:00" level=info msg="Redis update started!" func="crypto-exchange/app/internal/routes.New()" file="init.go:43"
time="2024-09-15T14:24:06+03:00" level=info msg="Env loaded" func="crypto-exchange/app/internal/routes.New()" file="init.go:45"
time="2024-09-15T14:24:06+03:00" level=info msg="API created" func="main.main()" file="main.go:38"
time="2024-09-15T14:24:06+03:00" level=info msg="Server starting on: " func="main.main()" file="main.go:40"
time="2024-09-15T14:24:06+03:00" level=info msg="PORT: 11080" func="main.main()" file="main.go:41"
time="2024-09-15T14:24:06+03:00" level=info msg="DB_HOST: 127.0.0.1" func="main.main()" file="main.go:42"
time="2024-09-15T14:24:06+03:00" level=info msg="DB_PORT: 5432" func="main.main()" file="main.go:43"
time="2024-09-15T14:24:06+03:00" level=info msg="ACCESS_ALIVE: 1440" func="main.main()" file="main.go:44"
time="2024-09-15T14:24:06+03:00" level=info msg="REFRESH_ALIVE: 86000" func="main.main()" file="main.go:45"
time="2024-09-15T14:24:06+03:00" level=info msg="Starting server..." func="main.main()" file="main.go:47"
time="2024-09-15T14:25:36+03:00" level=info msg="Database migrated successfully" func="crypto-exchange/app/internal/db.New()" file="init.go:67"
time="2024-09-15T14:25:36+03:00" level=info msg="DB connected" func="main.main()" file="main.go:31"
time="2024-09-15T14:25:36+03:00" level=info msg="Redis connected!" func="crypto-exchange/app/internal/routes.New()" file="init.go:28"
time="2024-09-15T14:25:36+03:00" level=info msg="Redis synced!" func="crypto-exchange/app/internal/routes.New()" file="init.go:40"
time="2024-09-15T14:25:36+03:00" level=info msg="Redis update started!" func="crypto-exchange/app/internal/routes.New()" file="init.go:43"
time="2024-09-15T14:25:36+03:00" level=info msg="Env loaded" func="crypto-exchange/app/internal/routes.New()" file="init.go:45"
time="2024-09-15T14:25:36+03:00" level=info msg="API created" func="main.main()" file="main.go:38"
time="2024-09-15T14:25:36+03:00" level=info msg="Server starting on: " func="main.main()" file="main.go:40"
time="2024-09-15T14:25:36+03:00" level=info msg="PORT: 11080" func="main.main()" file="main.go:41"
time="2024-09-15T14:25:36+03:00" level=info msg="DB_HOST: 127.0.0.1" func="main.main()" file="main.go:42"
time="2024-09-15T14:25:36+03:00" level=info msg="DB_PORT: 5432" func="main.main()" file="main.go:43"
time="2024-09-15T14:25:36+03:00" level=info msg="ACCESS_ALIVE: 1440" func="main.main()" file="main.go:44"
time="2024-09-15T14:25:36+03:00" level=info msg="REFRESH_ALIVE: 86000" func="main.main()" file="main.go:45"
time="2024-09-15T14:25:36+03:00" level=info msg="Starting server..." func="main.main()" file="main.go:47"
time="2024-09-15T14:38:53+03:00" level=info msg="Database migrated successfully" func="crypto-exchange/app/internal/db.New()" file="init.go:67"
time="2024-09-15T14:38:53+03:00" level=info msg="DB connected" func="main.main()" file="main.go:31"
time="2024-09-15T14:38:53+03:00" level=info msg="Redis connected!" func="crypto-exchange/app/internal/routes.New()" file="init.go:28"
time="2024-09-15T14:38:53+03:00" level=info msg="Redis synced!" func="crypto-exchange/app/internal/routes.New()" file="init.go:40"
time="2024-09-15T14:38:53+03:00" level=info msg="Redis update started!" func="crypto-exchange/app/internal/routes.New()" file="init.go:43"
time="2024-09-15T14:38:53+03:00" level=info msg="Env loaded" func="crypto-exchange/app/internal/routes.New()" file="init.go:45"
time="2024-09-15T14:38:53+03:00" level=info msg="API created" func="main.main()" file="main.go:38"
time="2024-09-15T14:38:53+03:00" level=info msg="Server starting on: " func="main.main()" file="main.go:40"
time="2024-09-15T14:38:53+03:00" level=info msg="PORT: 11080" func="main.main()" file="main.go:41"
time="2024-09-15T14:38:53+03:00" level=info msg="DB_HOST: 127.0.0.1" func="main.main()" file="main.go:42"
time="2024-09-15T14:38:53+03:00" level=info msg="DB_PORT: 5432" func="main.main()" file="main.go:43"
time="2024-09-15T14:38:53+03:00" level=info msg="ACCESS_ALIVE: 1440" func="main.main()" file="main.go:44"
time="2024-09-15T14:38:53+03:00" level=info msg="REFRESH_ALIVE: 86000" func="main.main()" file="main.go:45"
time="2024-09-15T14:38:53+03:00" level=info msg="Starting server..." func="main.main()" file="main.go:47"
time="2024-09-15T14:44:54+03:00" level=info msg="Database migrated successfully" func="crypto-exchange/app/internal/db.New()" file="init.go:67"
time="2024-09-15T14:44:54+03:00" level=info msg="DB connected" func="main.main()" file="main.go:31"
time="2024-09-15T14:44:54+03:00" level=info msg="Redis connected!" func="crypto-exchange/app/internal/routes.New()" file="init.go:28"
time="2024-09-15T14:44:54+03:00" level=info msg="Redis synced!" func="crypto-exchange/app/internal/routes.New()" file="init.go:40"
time="2024-09-15T14:44:54+03:00" level=info msg="Redis update started!" func="crypto-exchange/app/internal/routes.New()" file="init.go:43"
time="2024-09-15T14:44:54+03:00" level=info msg="Env loaded" func="crypto-exchange/app/internal/routes.New()" file="init.go:45"
time="2024-09-15T14:44:54+03:00" level=info msg="API created" func="main.main()" file="main.go:38"
time="2024-09-15T14:44:54+03:00" level=info msg="Server starting on: " func="main.main()" file="main.go:40"
time="2024-09-15T14:44:54+03:00" level=info msg="PORT: 11080" func="main.main()" file="main.go:41"
time="2024-09-15T14:44:54+03:00" level=info msg="DB_HOST: 127.0.0.1" func="main.main()" file="main.go:42"
time="2024-09-15T14:44:54+03:00" level=info msg="DB_PORT: 5432" func="main.main()" file="main.go:43"
time="2024-09-15T14:44:54+03:00" level=info msg="ACCESS_ALIVE: 1440" func="main.main()" file="main.go:44"
time="2024-09-15T14:44:54+03:00" level=info msg="REFRESH_ALIVE: 86000" func="main.main()" file="main.go:45"
time="2024-09-15T14:44:54+03:00" level=info msg="Starting server..." func="main.main()" file="main.go:47"
time="2024-09-15T14:45:08+03:00" level=info msg="Database migrated successfully" func="crypto-exchange/app/internal/db.New()" file="init.go:67"
time="2024-09-15T14:45:08+03:00" level=info msg="DB connected" func="main.main()" file="main.go:31"
time="2024-09-15T14:45:08+03:00" level=info msg="Redis connected!" func="crypto-exchange/app/internal/routes.New()" file="init.go:28"
time="2024-09-15T14:45:08+03:00" level=info msg="Redis synced!" func="crypto-exchange/app/internal/routes.New()" file="init.go:40"
time="2024-09-15T14:45:08+03:00" level=info msg="Redis update started!" func="crypto-exchange/app/internal/routes.New()" file="init.go:43"
time="2024-09-15T14:45:08+03:00" level=info msg="Env loaded" func="crypto-exchange/app/internal/routes.New()" file="init.go:45"
time="2024-09-15T14:45:08+03:00" level=info msg="API created" func="main.main()" file="main.go:38"
time="2024-09-15T14:45:08+03:00" level=info msg="Server starting on: " func="main.main()" file="main.go:40"
time="2024-09-15T14:45:08+03:00" level=info msg="PORT: 11080" func="main.main()" file="main.go:41"
time="2024-09-15T14:45:08+03:00" level=info msg="DB_HOST: 127.0.0.1" func="main.main()" file="main.go:42"
time="2024-09-15T14:45:08+03:00" level=info msg="DB_PORT: 5432" func="main.main()" file="main.go:43"
time="2024-09-15T14:45:08+03:00" level=info msg="ACCESS_ALIVE: 1440" func="main.main()" file="main.go:44"
time="2024-09-15T14:45:08+03:00" level=info msg="REFRESH_ALIVE: 86000" func="main.main()" file="main.go:45"
time="2024-09-15T14:45:08+03:00" level=info msg="Starting server..." func="main.main()" file="main.go:47"
time="2024-09-15T14:46:55+03:00" level=info msg="Database migrated successfully" func="crypto-exchange/app/internal/db.New()" file="init.go:67"
time="2024-09-15T14:46:55+03:00" level=info msg="DB connected" func="main.main()" file="main.go:31"
time="2024-09-15T14:46:55+03:00" level=info msg="Redis connected!" func="crypto-exchange/app/internal/routes.New()" file="init.go:28"
time="2024-09-15T14:46:55+03:00" level=info msg="Redis synced!" func="crypto-exchange/app/internal/routes.New()" file="init.go:40"
time="2024-09-15T14:46:55+03:00" level=info msg="Redis update started!" func="crypto-exchange/app/internal/routes.New()" file="init.go:43"
time="2024-09-15T14:46:55+03:00" level=info msg="Env loaded" func="crypto-exchange/app/internal/routes.New()" file="init.go:45"
time="2024-09-15T14:46:55+03:00" level=info msg="API created" func="main.main()" file="main.go:38"
time="2024-09-15T14:46:55+03:00" level=info msg="Server starting on: " func="main.main()" file="main.go:40"
time="2024-09-15T14:46:55+03:00" level=info msg="PORT: 11080" func="main.main()" file="main.go:41"
time="2024-09-15T14:46:55+03:00" level=info msg="DB_HOST: 127.0.0.1" func="main.main()" file="main.go:42"
time="2024-09-15T14:46:55+03:00" level=info msg="DB_PORT: 5432" func="main.main()" file="main.go:43"
time="2024-09-15T14:46:55+03:00" level=info msg="ACCESS_ALIVE: 1440" func="main.main()" file="main.go:44"
time="2024-09-15T14:46:55+03:00" level=info msg="REFRESH_ALIVE: 86000" func="main.main()" file="main.go:45"
time="2024-09-15T14:46:55+03:00" level=info msg="Starting server..." func="main.main()" file="main.go:47"
time="2024-09-15T14:47:22+03:00" level=info msg="Database migrated successfully" func="crypto-exchange/app/internal/db.New()" file="init.go:67"
time="2024-09-15T14:47:22+03:00" level=info msg="DB connected" func="main.main()" file="main.go:31"
time="2024-09-15T14:47:22+03:00" level=info msg="Redis connected!" func="crypto-exchange/app/internal/routes.New()" file="init.go:28"
time="2024-09-15T14:47:22+03:00" level=info msg="Redis synced!" func="crypto-exchange/app/internal/routes.New()" file="init.go:40"
time="2024-09-15T14:47:22+03:00" level=info msg="Redis update started!" func="crypto-exchange/app/internal/routes.New()" file="init.go:43"
time="2024-09-15T14:47:22+03:00" level=info msg="Env loaded" func="crypto-exchange/app/internal/routes.New()" file="init.go:45"
time="2024-09-15T14:47:22+03:00" level=info msg="API created" func="main.main()" file="main.go:38"
time="2024-09-15T14:47:22+03:00" level=info msg="Server starting on: " func="main.main()" file="main.go:40"
time="2024-09-15T14:47:22+03:00" level=info msg="PORT: 11080" func="main.main()" file="main.go:41"
time="2024-09-15T14:47:22+03:00" level=info msg="DB_HOST: 127.0.0.1" func="main.main()" file="main.go:42"
time="2024-09-15T14:47:22+03:00" level=info msg="DB_PORT: 5432" func="main.main()" file="main.go:43"
time="2024-09-15T14:47:22+03:00" level=info msg="ACCESS_ALIVE: 1440" func="main.main()" file="main.go:44"
time="2024-09-15T14:47:22+03:00" level=info msg="REFRESH_ALIVE: 86000" func="main.main()" file="main.go:45"
time="2024-09-15T14:47:22+03:00" level=info msg="Starting server..." func="main.main()" file="main.go:47"
